<?xml version="1.0" encoding="UTF-8" ?>
<testsuite 
errors="0" failures="0" hostname="uk160748" name="cjp.catalogue.service.ProductManagementServiceSpec" tests="33" time="0.105" timestamp="2017-03-14T10:21:07">
  <properties>
    <property name="jline.esc.timeout" value="0"> </property>
    <property name="java.runtime.name" value="Java(TM) SE Runtime Environment">
    </property>
    <property 
    name="sun.boot.library.path" value="/Library/Java/JavaVirtualMachines/jdk1.8.0_112.jdk/Contents/Home/jre/lib">
</property>
    <property name="java.vm.version" value="25.112-b16"> </property>
    <property name="user.country.format" value="EN_GB"> </property>
    <property name="gopherProxySet" value="false"> </property>
    <property 
    name="activator.home" value="/usr/local/Cellar/typesafe-activator/1.3.10">
</property>
    <property name="java.vm.vendor" value="Oracle Corporation"> </property>
    <property name="java.vendor.url" value="http://java.oracle.com/">
    </property>
    <property name="path.separator" value=":"> </property>
    <property name="java.vm.name" value="Java HotSpot(TM) 64-Bit Server VM">
    </property>
    <property name="file.encoding.pkg" value="sun.io"> </property>
    <property name="user.country" value="US"> </property>
    <property name="sun.java.launcher" value="SUN_STANDARD"> </property>
    <property name="sun.os.patch.level" value="unknown"> </property>
    <property 
    name="java.vm.specification.name" value="Java Virtual Machine Specification">
</property>
    <property 
    name="user.dir" value="/Users/jamhughes/Projects/ho/github/product-catalogue/catalogue">
</property>
    <property name="java.runtime.version" value="1.8.0_112-b16"> </property>
    <property name="java.awt.graphicsenv" value="sun.awt.CGraphicsEnvironment">
    </property>
    <property 
    name="java.endorsed.dirs" value="/Library/Java/JavaVirtualMachines/jdk1.8.0_112.jdk/Contents/Home/jre/lib/endorsed">
</property>
    <property name="os.arch" value="x86_64"> </property>
    <property 
    name="java.io.tmpdir" value="/var/folders/y6/xn0xfrm9381d9khbm72z6qp5rvpm3n/T/">
</property>
    <property name="line.separator" value=" "> </property>
    <property name="java.vm.specification.vendor" value="Oracle Corporation">
    </property>
    <property name="os.name" value="Mac OS X"> </property>
    <property name="sun.jnu.encoding" value="UTF-8"> </property>
    <property 
    name="java.library.path" value="/Users/jamhughes/Library/Java/Extensions:/Library/Java/Extensions:/Network/Library/Java/Extensions:/System/Library/Java/Extensions:/usr/lib/java:.">
</property>
    <property 
    name="java.specification.name" value="Java Platform API Specification">
</property>
    <property name="java.class.version" value="52.0"> </property>
    <property 
    name="sun.management.compiler" value="HotSpot 64-Bit Tiered Compilers">
</property>
    <property name="os.version" value="10.11.6"> </property>
    <property name="user.home" value="/Users/jamhughes"> </property>
    <property name="user.timezone" value="Europe/London"> </property>
    <property name="java.awt.printerjob" value="sun.lwawt.macosx.CPrinterJob">
    </property>
    <property name="java.specification.version" value="1.8"> </property>
    <property name="file.encoding" value="UTF-8"> </property>
    <property name="user.name" value="jamhughes"> </property>
    <property 
    name="java.class.path" value="/usr/local/Cellar/typesafe-activator/1.3.10/libexec/activator-launch-1.3.10.jar">
</property>
    <property name="jline.shutdownhook" value="false"> </property>
    <property name="java.vm.specification.version" value="1.8"> </property>
    <property name="sun.arch.data.model" value="64"> </property>
    <property 
    name="java.home" value="/Library/Java/JavaVirtualMachines/jdk1.8.0_112.jdk/Contents/Home/jre">
</property>
    <property 
    name="sun.java.command" value="/usr/local/Cellar/typesafe-activator/1.3.10/libexec/activator-launch-1.3.10.jar test">
</property>
    <property name="java.specification.vendor" value="Oracle Corporation">
    </property>
    <property name="user.language" value="en"> </property>
    <property name="user.language.format" value="en-GB"> </property>
    <property name="awt.toolkit" value="sun.lwawt.macosx.LWCToolkit">
    </property>
    <property name="java.vm.info" value="mixed mode"> </property>
    <property name="java.version" value="1.8.0_112"> </property>
    <property 
    name="java.ext.dirs" value="/Users/jamhughes/Library/Java/Extensions:/Library/Java/JavaVirtualMachines/jdk1.8.0_112.jdk/Contents/Home/jre/lib/ext:/Library/Java/Extensions:/Network/Library/Java/Extensions:/System/Library/Java/Extensions:/usr/lib/java">
</property>
    <property 
    name="sun.boot.class.path" value="/Library/Java/JavaVirtualMachines/jdk1.8.0_112.jdk/Contents/Home/jre/lib/resources.jar:/Library/Java/JavaVirtualMachines/jdk1.8.0_112.jdk/Contents/Home/jre/lib/rt.jar:/Library/Java/JavaVirtualMachines/jdk1.8.0_112.jdk/Contents/Home/jre/lib/sunrsasign.jar:/Library/Java/JavaVirtualMachines/jdk1.8.0_112.jdk/Contents/Home/jre/lib/jsse.jar:/Library/Java/JavaVirtualMachines/jdk1.8.0_112.jdk/Contents/Home/jre/lib/jce.jar:/Library/Java/JavaVirtualMachines/jdk1.8.0_112.jdk/Contents/Home/jre/lib/charsets.jar:/Library/Java/JavaVirtualMachines/jdk1.8.0_112.jdk/Contents/Home/jre/lib/jfr.jar:/Library/Java/JavaVirtualMachines/jdk1.8.0_112.jdk/Contents/Home/jre/classes">
</property>
    <property name="java.vendor" value="Oracle Corporation"> </property>
    <property name="file.separator" value="/"> </property>
    <property 
    name="java.vendor.url.bug" value="http://bugreport.sun.com/bugreport/">
</property>
    <property name="sun.cpu.endian" value="little"> </property>
    <property name="sun.io.unicode.encoding" value="UnicodeBig"> </property>
    <property name="sun.cpu.isalist" value=""> </property>
  </properties>
  <testcase 
  name="getSummaries should should fetch active product as summaries" classname="cjp.catalogue.service.ProductManagementServiceSpec" time="0.019">
</testcase>
  <testcase 
  name="getSummaries should should fetch draft product if no active product is available" classname="cjp.catalogue.service.ProductManagementServiceSpec" time="0.003">
</testcase>
  <testcase 
  name="getSummaries should should fetch active product if both active product and draft available" classname="cjp.catalogue.service.ProductManagementServiceSpec" time="0.001">
</testcase>
  <testcase 
  name="getDraft should return None if timeline for product does not exist" classname="cjp.catalogue.service.ProductManagementServiceSpec" time="0.0">
</testcase>
  <testcase 
  name="getDraft should return None if there is no draft on the timeline" classname="cjp.catalogue.service.ProductManagementServiceSpec" time="0.0">
</testcase>
  <testcase 
  name="getDraft should return the draft version" classname="cjp.catalogue.service.ProductManagementServiceSpec" time="0.002">
</testcase>
  <testcase 
  name="update product should throw exception if the timeline for the product does not exist" classname="cjp.catalogue.service.ProductManagementServiceSpec" time="0.004">
</testcase>
  <testcase 
  name="update product should throw exception if no products are on the timeline" classname="cjp.catalogue.service.ProductManagementServiceSpec" time="0.002">
</testcase>
  <testcase 
  name="update product should throw exception if effective date is earlier than today" classname="cjp.catalogue.service.ProductManagementServiceSpec" time="0.002">
</testcase>
  <testcase 
  name="update product should create a new draft version when there is no existing draft" classname="cjp.catalogue.service.ProductManagementServiceSpec" time="0.004">
</testcase>
  <testcase 
  name="update product should update the existing draft using the serviceAddOns from the live product" classname="cjp.catalogue.service.ProductManagementServiceSpec" time="0.002">
</testcase>
  <testcase 
  name="update product should update the existing draft and the timeline even when there is no live product" classname="cjp.catalogue.service.ProductManagementServiceSpec" time="0.001">
</testcase>
  <testcase 
  name="delete draft version should throw exception if there is no timeline for the product" classname="cjp.catalogue.service.ProductManagementServiceSpec" time="0.004">
</testcase>
  <testcase 
  name="delete draft version should throw exception if there is no draft" classname="cjp.catalogue.service.ProductManagementServiceSpec" time="0.002">
</testcase>
  <testcase 
  name="delete draft version should remove the draft" classname="cjp.catalogue.service.ProductManagementServiceSpec" time="0.005">
</testcase>
  <testcase 
  name="create should persist a new product, create a timeline for it and set it as the active product" classname="cjp.catalogue.service.ProductManagementServiceSpec" time="0.003">
</testcase>
  <testcase 
  name="cloneProduct should return none if the existing product cannot be found" classname="cjp.catalogue.service.ProductManagementServiceSpec" time="0.002">
</testcase>
  <testcase 
  name="cloneProduct should return the name of the cloned product when successful" classname="cjp.catalogue.service.ProductManagementServiceSpec" time="0.001">
</testcase>
  <testcase 
  name="validateFacet should throw IlegalArgumentException when facet contains attribute of the wrong kind" classname="cjp.catalogue.service.ProductManagementServiceSpec" time="0.002">
</testcase>
  <testcase 
  name="validateFacet should throw IlegalArgumentException when facet contains attribute with the wrong evidence kinds" classname="cjp.catalogue.service.ProductManagementServiceSpec" time="0.003">
</testcase>
  <testcase 
  name="validateFacet should return true when facet contains valid attributes" classname="cjp.catalogue.service.ProductManagementServiceSpec" time="0.003">
</testcase>
  <testcase 
  name="validateAttribute should return true when the attribute matches the definition" classname="cjp.catalogue.service.ProductManagementServiceSpec" time="0.0">
</testcase>
  <testcase 
  name="validateAttribute should return false when the attribute kind does not match the definition" classname="cjp.catalogue.service.ProductManagementServiceSpec" time="0.0">
</testcase>
  <testcase 
  name="validateAttribute should return true when the attribute evidence kinds are a subset of the definition" classname="cjp.catalogue.service.ProductManagementServiceSpec" time="0.0">
</testcase>
  <testcase 
  name="validateAttribute should return false when the attribute evidence kinds are not a subset of the definition" classname="cjp.catalogue.service.ProductManagementServiceSpec" time="0.001">
</testcase>
  <testcase 
  name="transformAndValidate should throw an illegal argument exception with invalid attributes" classname="cjp.catalogue.service.ProductManagementServiceSpec" time="0.002">
</testcase>
  <testcase 
  name="transformAndValidate should should convert an integer attribute to a decimal attribute" classname="cjp.catalogue.service.ProductManagementServiceSpec" time="0.002">
</testcase>
  <testcase 
  name="getEffectiveAt should return product at given date" classname="cjp.catalogue.service.ProductManagementServiceSpec" time="0.002">
</testcase>
  <testcase 
  name="getEffectiveAt should return None if product does not exist" classname="cjp.catalogue.service.ProductManagementServiceSpec" time="0.001">
</testcase>
  <testcase 
  name="getEffectiveAt should return None if product timeline does not exist for given product" classname="cjp.catalogue.service.ProductManagementServiceSpec" time="0.0">
</testcase>
  <testcase 
  name="getEffectiveAt should return None if product does not exist on the timeline at given date" classname="cjp.catalogue.service.ProductManagementServiceSpec" time="0.001">
</testcase>
  <testcase 
  name="getEffectiveAt should fetch a product with an attribute having 'validValues' defined on it" classname="cjp.catalogue.service.ProductManagementServiceSpec" time="0.009">
</testcase>
  <testcase 
  name="getEffectiveAt should fetch attribute with related products" classname="cjp.catalogue.service.ProductManagementServiceSpec" time="0.003">
</testcase>
  <system-out><![CDATA[]]></system-out>
  <system-err><![CDATA[]]></system-err>
</testsuite>
