<?xml version="1.0" encoding="UTF-8" ?>
<testsuite 
errors="0" failures="0" hostname="uk160748" name="cjp.catalogue.resource.ManageProductResourceSpec" tests="16" time="0.875" timestamp="2017-03-14T10:21:06">
  <properties>
    <property name="jline.esc.timeout" value="0"> </property>
    <property name="java.runtime.name" value="Java(TM) SE Runtime Environment">
    </property>
    <property 
    name="sun.boot.library.path" value="/Library/Java/JavaVirtualMachines/jdk1.8.0_112.jdk/Contents/Home/jre/lib">
</property>
    <property name="java.vm.version" value="25.112-b16"> </property>
    <property name="user.country.format" value="EN_GB"> </property>
    <property name="gopherProxySet" value="false"> </property>
    <property 
    name="activator.home" value="/usr/local/Cellar/typesafe-activator/1.3.10">
</property>
    <property name="java.vm.vendor" value="Oracle Corporation"> </property>
    <property name="java.vendor.url" value="http://java.oracle.com/">
    </property>
    <property name="path.separator" value=":"> </property>
    <property name="java.vm.name" value="Java HotSpot(TM) 64-Bit Server VM">
    </property>
    <property name="file.encoding.pkg" value="sun.io"> </property>
    <property name="user.country" value="US"> </property>
    <property name="sun.java.launcher" value="SUN_STANDARD"> </property>
    <property name="sun.os.patch.level" value="unknown"> </property>
    <property 
    name="java.vm.specification.name" value="Java Virtual Machine Specification">
</property>
    <property 
    name="user.dir" value="/Users/jamhughes/Projects/ho/github/product-catalogue/catalogue">
</property>
    <property name="java.runtime.version" value="1.8.0_112-b16"> </property>
    <property name="java.awt.graphicsenv" value="sun.awt.CGraphicsEnvironment">
    </property>
    <property 
    name="java.endorsed.dirs" value="/Library/Java/JavaVirtualMachines/jdk1.8.0_112.jdk/Contents/Home/jre/lib/endorsed">
</property>
    <property name="os.arch" value="x86_64"> </property>
    <property 
    name="java.io.tmpdir" value="/var/folders/y6/xn0xfrm9381d9khbm72z6qp5rvpm3n/T/">
</property>
    <property name="line.separator" value=" "> </property>
    <property name="java.vm.specification.vendor" value="Oracle Corporation">
    </property>
    <property name="os.name" value="Mac OS X"> </property>
    <property name="sun.jnu.encoding" value="UTF-8"> </property>
    <property 
    name="java.library.path" value="/Users/jamhughes/Library/Java/Extensions:/Library/Java/Extensions:/Network/Library/Java/Extensions:/System/Library/Java/Extensions:/usr/lib/java:.">
</property>
    <property 
    name="java.specification.name" value="Java Platform API Specification">
</property>
    <property name="java.class.version" value="52.0"> </property>
    <property 
    name="sun.management.compiler" value="HotSpot 64-Bit Tiered Compilers">
</property>
    <property name="os.version" value="10.11.6"> </property>
    <property name="user.home" value="/Users/jamhughes"> </property>
    <property name="user.timezone" value="Europe/London"> </property>
    <property name="java.awt.printerjob" value="sun.lwawt.macosx.CPrinterJob">
    </property>
    <property name="java.specification.version" value="1.8"> </property>
    <property name="file.encoding" value="UTF-8"> </property>
    <property name="user.name" value="jamhughes"> </property>
    <property 
    name="java.class.path" value="/usr/local/Cellar/typesafe-activator/1.3.10/libexec/activator-launch-1.3.10.jar">
</property>
    <property name="jline.shutdownhook" value="false"> </property>
    <property name="java.vm.specification.version" value="1.8"> </property>
    <property name="sun.arch.data.model" value="64"> </property>
    <property 
    name="java.home" value="/Library/Java/JavaVirtualMachines/jdk1.8.0_112.jdk/Contents/Home/jre">
</property>
    <property 
    name="sun.java.command" value="/usr/local/Cellar/typesafe-activator/1.3.10/libexec/activator-launch-1.3.10.jar test">
</property>
    <property name="java.specification.vendor" value="Oracle Corporation">
    </property>
    <property name="user.language" value="en"> </property>
    <property name="user.language.format" value="en-GB"> </property>
    <property name="awt.toolkit" value="sun.lwawt.macosx.LWCToolkit">
    </property>
    <property name="java.vm.info" value="mixed mode"> </property>
    <property name="java.version" value="1.8.0_112"> </property>
    <property 
    name="java.ext.dirs" value="/Users/jamhughes/Library/Java/Extensions:/Library/Java/JavaVirtualMachines/jdk1.8.0_112.jdk/Contents/Home/jre/lib/ext:/Library/Java/Extensions:/Network/Library/Java/Extensions:/System/Library/Java/Extensions:/usr/lib/java">
</property>
    <property 
    name="sun.boot.class.path" value="/Library/Java/JavaVirtualMachines/jdk1.8.0_112.jdk/Contents/Home/jre/lib/resources.jar:/Library/Java/JavaVirtualMachines/jdk1.8.0_112.jdk/Contents/Home/jre/lib/rt.jar:/Library/Java/JavaVirtualMachines/jdk1.8.0_112.jdk/Contents/Home/jre/lib/sunrsasign.jar:/Library/Java/JavaVirtualMachines/jdk1.8.0_112.jdk/Contents/Home/jre/lib/jsse.jar:/Library/Java/JavaVirtualMachines/jdk1.8.0_112.jdk/Contents/Home/jre/lib/jce.jar:/Library/Java/JavaVirtualMachines/jdk1.8.0_112.jdk/Contents/Home/jre/lib/charsets.jar:/Library/Java/JavaVirtualMachines/jdk1.8.0_112.jdk/Contents/Home/jre/lib/jfr.jar:/Library/Java/JavaVirtualMachines/jdk1.8.0_112.jdk/Contents/Home/jre/classes">
</property>
    <property name="java.vendor" value="Oracle Corporation"> </property>
    <property name="file.separator" value="/"> </property>
    <property 
    name="java.vendor.url.bug" value="http://bugreport.sun.com/bugreport/">
</property>
    <property name="sun.cpu.endian" value="little"> </property>
    <property name="sun.io.unicode.encoding" value="UnicodeBig"> </property>
    <property name="sun.cpu.isalist" value=""> </property>
  </properties>
  <testcase 
  name="calling GET /manage/product should return a list of product summaries" classname="cjp.catalogue.resource.ManageProductResourceSpec" time="0.394">
</testcase>
  <testcase 
  name="calling GET /manage/product/general-visit-visa should return general visit visa details" classname="cjp.catalogue.resource.ManageProductResourceSpec" time="0.102">
</testcase>
  <testcase 
  name="calling GET /manage/product/general-visit-visa should return a 404 response when no product is found" classname="cjp.catalogue.resource.ManageProductResourceSpec" time="0.021">
</testcase>
  <testcase 
  name="calling GET /manage/product/draft/general-visit-visa  should return 204 no content when there is no draft" classname="cjp.catalogue.resource.ManageProductResourceSpec" time="0.02">
</testcase>
  <testcase 
  name="calling GET /manage/product/draft/general-visit-visa  should return 200 when there is a draft" classname="cjp.catalogue.resource.ManageProductResourceSpec" time="0.039">
</testcase>
  <testcase 
  name="calling DELETE /manage/product/draft/general-visit-visa should return 204 if the draft is successfully deleted" classname="cjp.catalogue.resource.ManageProductResourceSpec" time="0.019">
</testcase>
  <testcase 
  name="calling DELETE /manage/product/draft/general-visit-visa should return 404 if there is no draft for the product" classname="cjp.catalogue.resource.ManageProductResourceSpec" time="0.017">
</testcase>
  <testcase 
  name="calling POST /product should create a new product" classname="cjp.catalogue.resource.ManageProductResourceSpec" time="0.097">
</testcase>
  <testcase 
  name="calling POST /product should return a 400 if the name has already been used" classname="cjp.catalogue.resource.ManageProductResourceSpec" time="0.02">
</testcase>
  <testcase 
  name="calling POST /manage/product/clone/general-visit-visa should return a 400 if the product title is not provided" classname="cjp.catalogue.resource.ManageProductResourceSpec" time="0.022">
</testcase>
  <testcase 
  name="calling POST /manage/product/clone/general-visit-visa should return a 404 if the existing product cannot be found" classname="cjp.catalogue.resource.ManageProductResourceSpec" time="0.019">
</testcase>
  <testcase 
  name="calling POST /manage/product/clone/general-visit-visa should return a 400 if the name has already been used" classname="cjp.catalogue.resource.ManageProductResourceSpec" time="0.028">
</testcase>
  <testcase 
  name="calling POST /manage/product/clone/general-visit-visa should return a 201 when a clone has been successfully created" classname="cjp.catalogue.resource.ManageProductResourceSpec" time="0.017">
</testcase>
  <testcase 
  name="calling PUT /manage/product/general-visit-visa should update the exiting product" classname="cjp.catalogue.resource.ManageProductResourceSpec" time="0.014">
</testcase>
  <testcase 
  name="calling PUT /manage/product/missing should return 400" classname="cjp.catalogue.resource.ManageProductResourceSpec" time="0.017">
</testcase>
  <testcase 
  name="calling GET /manage/product/tags should return all the tags" classname="cjp.catalogue.resource.ManageProductResourceSpec" time="0.015">
</testcase>
  <system-out><![CDATA[]]></system-out>
  <system-err><![CDATA[]]></system-err>
</testsuite>
